<?xml version="1.0" encoding="UTF-8"?>
<testsuite name="GraphTest" tests="3" skipped="0" failures="0" errors="0" timestamp="2020-06-17T15:54:53" hostname="DESKTOP-R58VLNV" time="0.006">
  <properties/>
  <testcase name="quantityOfIslands" classname="GraphTest" time="0.001"/>
  <testcase name="toStringTest" classname="GraphTest" time="0.001"/>
  <testcase name="toOneDemensionalArrayTest" classname="GraphTest" time="0.003"/>
  <system-out><![CDATA[]]></system-out>
  <system-err><![CDATA[]]></system-err>
</testsuite>
