<?xml version="1.0" encoding="UTF-8"?>
<testsuite name="ru.nsd.objectsinitializers.GraphInitializerTest" tests="1" skipped="0" failures="0" errors="0" timestamp="2020-06-19T13:59:57" hostname="DESKTOP-R58VLNV" time="0.006">
  <properties/>
  <testcase name="graphInitializeTest" classname="ru.nsd.objectsinitializers.GraphInitializerTest" time="0.006"/>
  <system-out><![CDATA[]]></system-out>
  <system-err><![CDATA[]]></system-err>
</testsuite>
